#
# There is insufficient memory for the Java Runtime Environment to continue.
# Native memory allocation (mmap) failed to map 268435456 bytes for G1 virtual space
# Possible reasons:
#   The system is out of physical RAM or swap space
#   The process is running with CompressedOops enabled, and the Java Heap may be blocking the growth of the native heap
# Possible solutions:
#   Reduce memory load on the system
#   Increase physical memory or swap space
#   Check if swap backing store is full
#   Decrease Java heap size (-Xmx/-Xms)
#   Decrease number of Java threads
#   Decrease Java thread stack sizes (-Xss)
#   Set larger code cache with -XX:ReservedCodeCacheSize=
#   JVM is running with Zero Based Compressed Oops mode in which the Java heap is
#     placed in the first 32GB address space. The Java Heap base address is the
#     maximum limit for the native heap growth. Please use -XX:HeapBaseMinAddress
#     to set the Java Heap base and to place the Java Heap above 32GB virtual address.
# This output file may be truncated or incomplete.
#
#  Out of Memory Error (os_windows.cpp:3825), pid=39520, tid=58216
#
# JRE version:  (17.0.10) (build )
# Java VM: OpenJDK 64-Bit Server VM (17.0.10+0--11609105, mixed mode, sharing, tiered, compressed oops, compressed class ptrs, g1 gc, windows-amd64)
# No core dump will be written. Minidumps are not enabled by default on client versions of Windows
#

---------------  S U M M A R Y ------------

Command Line: 

Host: Intel(R) Core(TM) i5-6500 CPU @ 3.20GHz, 4 cores, 15G,  Windows 10 , 64 bit Build 19041 (10.0.19041.4957)
Time: Wed Nov 13 16:38:43 2024 SE Asia Standard Time elapsed time: 2.352383 seconds (0d 0h 0m 2s)

---------------  T H R E A D  ---------------

Current thread (0x000001f1edff0000):  JavaThread "Unknown thread" [_thread_in_vm, id=58216, stack(0x0000008c52a00000,0x0000008c52b00000)]

Stack: [0x0000008c52a00000,0x0000008c52b00000]
Native frames: (J=compiled Java code, j=interpreted, Vv=VM code, C=native code)
V  [jvm.dll+0x688de9]
V  [jvm.dll+0x8423da]
V  [jvm.dll+0x84401e]
V  [jvm.dll+0x844683]
V  [jvm.dll+0x24be0f]
V  [jvm.dll+0x685bb9]
V  [jvm.dll+0x67a46a]
V  [jvm.dll+0x30cbab]
V  [jvm.dll+0x314056]
V  [jvm.dll+0x363dce]
V  [jvm.dll+0x363fff]
V  [jvm.dll+0x2e2978]
V  [jvm.dll+0x2e38e4]
V  [jvm.dll+0x812f71]
V  [jvm.dll+0x371c81]
V  [jvm.dll+0x7f1ac6]
V  [jvm.dll+0x3f58df]
V  [jvm.dll+0x3f7511]
C  [jli.dll+0x528f]
C  [ucrtbase.dll+0x21bb2]
C  [KERNEL32.DLL+0x17374]
C  [ntdll.dll+0x4cc91]


---------------  P R O C E S S  ---------------

Threads class SMR info:
_java_thread_list=0x00007fff566fef58, length=0, elements={
}

Java Threads: ( => current thread )

Other Threads:
  0x000001f1ee059930 GCTaskThread "GC Thread#0" [stack: 0x0000008c52b00000,0x0000008c52c00000] [id=57940]
  0x000001f1ee06a6e0 ConcurrentGCThread "G1 Main Marker" [stack: 0x0000008c52c00000,0x0000008c52d00000] [id=52500]
  0x000001f1ee06b7b0 ConcurrentGCThread "G1 Conc#0" [stack: 0x0000008c52d00000,0x0000008c52e00000] [id=59680]

[error occurred during error reporting (printing all threads), id 0xc0000005, EXCEPTION_ACCESS_VIOLATION (0xc0000005) at pc=0x00007fff55eb3547]

VM state: not at safepoint (not fully initialized)

VM Mutex/Monitor currently owned by a thread:  ([mutex/lock_event])
[0x000001f1edfeb660] Heap_lock - owner thread: 0x000001f1edff0000

Heap address: 0x0000000700a00000, size: 4086 MB, Compressed Oops mode: Zero based, Oop shift amount: 3

CDS archive(s) mapped at: [0x0000000000000000-0x0000000000000000-0x0000000000000000), size 0, SharedBaseAddress: 0x0000000800000000, ArchiveRelocationMode: 1.
Narrow klass base: 0x0000000000000000, Narrow klass shift: 0, Narrow klass range: 0x0

GC Precious Log:
<Empty>

Heap:
 garbage-first heap   total 0K, used 0K [0x0000000700a00000, 0x0000000800000000)
  region size 2048K, 0 young (0K), 0 survivors (0K)
 Metaspace       used 0K, committed 0K, reserved 0K
  class space    used 0K, committed 0K, reserved 0K

Heap Regions: E=young(eden), S=young(survivor), O=old, HS=humongous(starts), HC=humongous(continues), CS=collection set, F=free, OA=open archive, CA=closed archive, TAMS=top-at-mark-start (previous, next)

Card table byte_map: [0x000001f1f1cd0000,0x000001f1f24d0000] _byte_map_base: 0x000001f1ee4cb000

Marking Bits (Prev, Next): (CMBitMap*) 0x000001f1ee059e60, (CMBitMap*) 0x000001f1ee059ea0
 Prev Bits: [0x000001f1f2cd0000, 0x000001f1f6ca8000)
 Next Bits: [0x000001f1f6cb0000, 0x000001f1fac88000)

GC Heap History (0 events):
No events

Dll operation events (1 events):
Event: 0.006 Loaded shared library C:\Program Files\Android\Android Studio1\jbr\bin\java.dll

Deoptimization events (0 events):
No events

Classes unloaded (0 events):
No events

Classes redefined (0 events):
No events

Internal exceptions (0 events):
No events

VM Operations (0 events):
No events

Events (0 events):
No events


Dynamic libraries:
0x00007ff63f540000 - 0x00007ff63f54a000 	C:\Program Files\Android\Android Studio1\jbr\bin\java.EXE
0x00007fff84230000 - 0x00007fff84428000 	C:\Windows\SYSTEM32\ntdll.dll
0x00007fff83650000 - 0x00007fff83712000 	C:\Windows\System32\KERNEL32.DLL
0x00007fff818d0000 - 0x00007fff81bce000 	C:\Windows\System32\KERNELBASE.dll
0x00007fff81f40000 - 0x00007fff82040000 	C:\Windows\System32\ucrtbase.dll
0x00007fff74830000 - 0x00007fff74847000 	C:\Program Files\Android\Android Studio1\jbr\bin\jli.dll
0x00007fff826d0000 - 0x00007fff8286d000 	C:\Windows\System32\USER32.dll
0x00007fff73980000 - 0x00007fff7399b000 	C:\Program Files\Android\Android Studio1\jbr\bin\VCRUNTIME140.dll
0x00007fff82160000 - 0x00007fff82182000 	C:\Windows\System32\win32u.dll
0x00007fff6b480000 - 0x00007fff6b71a000 	C:\Windows\WinSxS\amd64_microsoft.windows.common-controls_6595b64144ccf1df_6.0.19041.4355_none_60b8b9eb71f62e16\COMCTL32.dll
0x00007fff82d20000 - 0x00007fff82d4b000 	C:\Windows\System32\GDI32.dll
0x00007fff82d80000 - 0x00007fff82e1e000 	C:\Windows\System32\msvcrt.dll
0x00007fff82040000 - 0x00007fff82157000 	C:\Windows\System32\gdi32full.dll
0x00007fff81d30000 - 0x00007fff81dcd000 	C:\Windows\System32\msvcp_win.dll
0x00007fff82d50000 - 0x00007fff82d7f000 	C:\Windows\System32\IMM32.DLL
0x00007fff79b80000 - 0x00007fff79b8c000 	C:\Program Files\Android\Android Studio1\jbr\bin\vcruntime140_1.dll
0x00007fff6bec0000 - 0x00007fff6bf4d000 	C:\Program Files\Android\Android Studio1\jbr\bin\msvcp140.dll
0x00007fff55bc0000 - 0x00007fff56843000 	C:\Program Files\Android\Android Studio1\jbr\bin\server\jvm.dll
0x00007fff82ac0000 - 0x00007fff82b72000 	C:\Windows\System32\ADVAPI32.dll
0x00007fff82b90000 - 0x00007fff82c30000 	C:\Windows\System32\sechost.dll
0x00007fff84020000 - 0x00007fff84143000 	C:\Windows\System32\RPCRT4.dll
0x00007fff81f10000 - 0x00007fff81f37000 	C:\Windows\System32\bcrypt.dll
0x00007fff81730000 - 0x00007fff8177b000 	C:\Windows\SYSTEM32\POWRPROF.dll
0x00007fff70540000 - 0x00007fff70549000 	C:\Windows\SYSTEM32\WSOCK32.dll
0x00007fff82cb0000 - 0x00007fff82d1b000 	C:\Windows\System32\WS2_32.dll
0x00007fff74f00000 - 0x00007fff74f27000 	C:\Windows\SYSTEM32\WINMM.dll
0x00007fff76100000 - 0x00007fff7610a000 	C:\Windows\SYSTEM32\VERSION.dll
0x00007fff81710000 - 0x00007fff81722000 	C:\Windows\SYSTEM32\UMPDC.dll
0x00007fff7f770000 - 0x00007fff7f782000 	C:\Windows\SYSTEM32\kernel.appcore.dll
0x00007fff78d90000 - 0x00007fff78d9a000 	C:\Program Files\Android\Android Studio1\jbr\bin\jimage.dll
0x00007fff7b7a0000 - 0x00007fff7b984000 	C:\Windows\SYSTEM32\DBGHELP.DLL
0x00007fff7a3d0000 - 0x00007fff7a404000 	C:\Windows\SYSTEM32\dbgcore.DLL
0x00007fff81e80000 - 0x00007fff81f02000 	C:\Windows\System32\bcryptPrimitives.dll
0x00007fff73540000 - 0x00007fff73565000 	C:\Program Files\Android\Android Studio1\jbr\bin\java.dll

dbghelp: loaded successfully - version: 4.0.5 - missing functions: none
symbol engine: initialized successfully - sym options: 0x614 - pdb path: .;C:\Program Files\Android\Android Studio1\jbr\bin;C:\Windows\SYSTEM32;C:\Windows\WinSxS\amd64_microsoft.windows.common-controls_6595b64144ccf1df_6.0.19041.4355_none_60b8b9eb71f62e16;C:\Program Files\Android\Android Studio1\jbr\bin\server

VM Arguments:
java_command: <unknown>
java_class_path (initial): C:\mysql-connector-j-8.4.0.jar
Launcher Type: SUN_STANDARD

[Global flags]
     intx CICompilerCount                          = 3                                         {product} {ergonomic}
     uint ConcGCThreads                            = 1                                         {product} {ergonomic}
     uint G1ConcRefinementThreads                  = 4                                         {product} {ergonomic}
   size_t G1HeapRegionSize                         = 2097152                                   {product} {ergonomic}
    uintx GCDrainStackTargetSize                   = 64                                        {product} {ergonomic}
   size_t InitialHeapSize                          = 268435456                                 {product} {ergonomic}
   size_t MarkStackSize                            = 4194304                                   {product} {ergonomic}
   size_t MaxHeapSize                              = 4284481536                                {product} {ergonomic}
   size_t MinHeapDeltaBytes                        = 2097152                                   {product} {ergonomic}
   size_t MinHeapSize                              = 8388608                                   {product} {ergonomic}
    uintx NonNMethodCodeHeapSize                   = 5832780                                {pd product} {ergonomic}
    uintx NonProfiledCodeHeapSize                  = 122912730                              {pd product} {ergonomic}
    uintx ProfiledCodeHeapSize                     = 122912730                              {pd product} {ergonomic}
    uintx ReservedCodeCacheSize                    = 251658240                              {pd product} {ergonomic}
     bool SegmentedCodeCache                       = true                                      {product} {ergonomic}
   size_t SoftMaxHeapSize                          = 4284481536                             {manageable} {ergonomic}
     bool UseCompressedClassPointers               = true                           {product lp64_product} {ergonomic}
     bool UseCompressedOops                        = true                           {product lp64_product} {ergonomic}
     bool UseG1GC                                  = true                                      {product} {ergonomic}
     bool UseLargePagesIndividualAllocation        = false                                  {pd product} {ergonomic}

Logging:
Log output configuration:
 #0: stdout all=warning uptime,level,tags
 #1: stderr all=off uptime,level,tags

Environment Variables:
JAVA_HOME=C:\Program Files\Android\Android Studio1\jbr
CLASSPATH=C:\mysql-connector-j-8.4.0.jar
PATH=C:\Program Files\Android\Android Studio1\jbr\bin;c:\Users\User\AppData\Local\Programs\cursor\resources\app\bin;C:\Program Files\Java\jdk-17\bin;C:\Windows\system32;C:\Windows;C:\Windows\System32\Wbem;C:\Windows\System32\WindowsPowerShell\v1.0\;C:\Windows\System32\OpenSSH\;C:\Program Files\PuTTY\;C:\Users\User\AppData\Local\Microsoft\WindowsApps;c:\Users\User\AppData\Local\Programs\cursor\resources\app\bin;c:\Users\User\AppData\Local\Programs\cursor\resources\app\bin;C:\Program Files\Git\cmd;C:\Users\User\AppData\Local\Microsoft\WindowsApps;C:\Users\User\AppData\Local\Programs\Microsoft VS Code\bin;C:\Users\User\AppData\Local\GitHubDesktop\bin;F:\Flutter SDK\flutter\bin;;F:\Flutter SDK\flutter\bin\mingit\cmd;F:\Flutter SDK\flutter\bin\mingit\cmd
USERNAME=User
OS=Windows_NT
PROCESSOR_IDENTIFIER=Intel64 Family 6 Model 94 Stepping 3, GenuineIntel
TMP=C:\Users\User\AppData\Local\Temp
TEMP=C:\Users\User\AppData\Local\Temp



Periodic native trim disabled

JNI global refs:
JNI global refs: 0, weak refs: 0

JNI global refs memory usage: 0, weak refs: 0

OOME stack traces (most recent first):
Classloader memory used:


---------------  S Y S T E M  ---------------

OS:
 Windows 10 , 64 bit Build 19041 (10.0.19041.4957)
OS uptime: 6 days 0:25 hours

CPU: total 4 (initial active 4) (4 cores per cpu, 1 threads per core) family 6 model 94 stepping 3 microcode 0xcc, cx8, cmov, fxsr, mmx, 3dnowpref, sse, sse2, sse3, ssse3, sse4.1, sse4.2, popcnt, lzcnt, tsc, tscinvbit, avx, avx2, aes, erms, clmul, bmi1, bmi2, rtm, adx, fma, vzeroupper, clflush, clflushopt
Processor Information for all 4 processors :
  Max Mhz: 3201, Current Mhz: 3201, Mhz Limit: 3201

Memory: 4k page, system-wide physical 16336M (845M free)
TotalPageFile size 20432M (AvailPageFile size 279M)
current process WorkingSet (physical memory assigned to process): 10M, peak: 10M
current process commit charge ("private bytes"): 52M, peak: 307M

vm_info: OpenJDK 64-Bit Server VM (17.0.10+0--11609105) for windows-amd64 JRE (17.0.10+0--11609105), built on Mar 21 2024 19:10:56 by "androidbuild" with MS VC++ 16.10 / 16.11 (VS2019)

END.
